2025-01-19 07:02:43 - Script started.
2025-01-19 07:02:43 - Active investments found. Processing updates and sending emails.
2025-01-19 07:02:43 - Email sent successfully to: brownlucky386@mail.com
2025-01-19 07:02:43 - Processed investment 111 for user 04927581.
2025-01-19 07:02:43 - Email sent successfully to: brownlucky386@mail.com
2025-01-19 07:02:43 - Processed investment 112 for user 04927581.
2025-01-19 07:02:43 - Transaction committed successfully.
2025-01-19 07:02:43 - Script finished.
2025-01-19 07:56:17 - Script started.
2025-01-19 07:56:17 - Active investments found. Processing updates and sending emails.
2025-01-19 07:56:17 - Email sent successfully to: brownlucky386@mail.com
2025-01-19 07:56:17 - Processed investment 111 for user 04927581.
2025-01-19 07:56:17 - Email sent successfully to: brownlucky386@mail.com
2025-01-19 07:56:17 - Processed investment 112 for user 04927581.
2025-01-19 07:56:17 - Transaction committed successfully.
2025-01-19 07:56:17 - Script finished.
2025-01-19 07:56:20 - Script started.
2025-01-19 07:56:20 - Active investments found. Processing updates and sending emails.
2025-01-19 07:56:20 - Email sent successfully to: brownlucky386@mail.com
2025-01-19 07:56:20 - Processed investment 111 for user 04927581.
2025-01-19 07:56:22 - Script started.
2025-01-19 07:56:22 - Active investments found. Processing updates and sending emails.
2025-01-19 07:56:23 - Email sent successfully to: brownlucky386@mail.com
2025-01-19 07:56:23 - Processed investment 111 for user 04927581.
2025-01-19 08:10:57 - Script started.
2025-01-19 08:10:57 - Active investments found. Processing updates and sending emails.
2025-01-19 08:10:57 - Email sent successfully to: brownlucky386@mail.com
2025-01-19 08:10:57 - Processed investment 111 for user 04927581.
2025-01-19 08:13:35 - Script started.
2025-01-19 08:13:35 - Active investments found. Processing updates and sending emails.
2025-01-19 08:13:35 - Email sent successfully to: brownlucky386@mail.com
2025-01-19 08:13:35 - Processed investment total of  111 for user 04927581.
2025-01-19 08:15:33 - Script started.
2025-01-19 08:15:33 - Active investments found. Processing updates and sending emails.
2025-01-19 08:15:33 - Email sent successfully to: brownlucky386@mail.com
2025-01-19 08:15:33 - Processed investment total of 111 for user 04927581.
2025-01-19 08:15:34 - Email sent successfully to: brownlucky386@mail.com
2025-01-19 08:15:34 - Processed investment total of 112 for user 04927581.
2025-01-19 08:15:34 - Transaction committed successfully.
2025-01-19 08:15:34 - Script finished.
2025-01-19 08:20:45 - Script started.
2025-01-19 08:20:45 - Active investments found. Processing updates and sending emails.
2025-01-19 08:20:45 - Email sent successfully to: brownlucky386@mail.com
2025-01-19 08:20:45 - Processed investment total of 111 for user 04927581.
2025-01-19 08:20:45 - Transaction committed successfully.
2025-01-19 08:20:45 - Script finished.
2025-01-19 08:24:14 - Script started.
2025-01-19 08:24:14 - Active investments found. Processing updates and sending emails.
2025-01-19 08:24:14 - Email sent successfully to: brownlucky386@mail.com
2025-01-19 08:24:14 - Processed investment 111 for user 04927581.
2025-01-19 08:24:14 - Transaction committed successfully.
2025-01-19 08:24:14 - Script finished.
2025-01-19 08:29:53 - Script started.
2025-01-19 08:29:53 - Active investments found. Processing updates and sending emails.
2025-01-19 08:29:53 - Email sent successfully to: brownlucky38@mail.com
2025-01-19 08:29:53 - Processed investment total of 78 for user 93726854.
2025-01-19 08:29:53 - Email sent successfully to: brownlucky38@mail.com
2025-01-19 08:29:53 - Processed investment total of 79 for user 93726854.
2025-01-19 08:29:54 - Email sent successfully to: brownlucky38@mail.com
2025-01-19 08:29:54 - Processed investment total of 80 for user 93726854.
2025-01-19 08:29:54 - Email sent successfully to: brownlucky38@mail.com
2025-01-19 08:29:54 - Processed investment total of 81 for user 93726854.
2025-01-19 08:29:54 - Email sent successfully to: brownlucky386@mail.com
2025-01-19 08:29:54 - Processed investment total of 82 for user 04927581.
2025-01-19 08:29:54 - Email sent successfully to: brownlucky386@mail.com
2025-01-19 08:29:54 - Processed investment total of 83 for user 04927581.
2025-01-19 08:29:55 - Email sent successfully to: brownlucky386@mail.com
2025-01-19 08:29:55 - Processed investment total of 84 for user 04927581.
2025-01-19 08:29:55 - Email sent successfully to: brownlucky386@mail.com
2025-01-19 08:29:55 - Processed investment total of 85 for user 04927581.
2025-01-19 08:29:55 - Email sent successfully to: brownlucky386@mail.com
2025-01-19 08:29:55 - Processed investment total of 86 for user 04927581.
2025-01-19 08:29:55 - Email sent successfully to: brownlucky386@mail.com
2025-01-19 08:29:55 - Processed investment total of 87 for user 04927581.
2025-01-19 08:29:55 - Email sent successfully to: brownlucky386@mail.com
2025-01-19 08:29:55 - Processed investment total of 88 for user 04927581.
2025-01-19 08:29:56 - Email sent successfully to: brownlucky386@mail.com
2025-01-19 08:29:56 - Processed investment total of 89 for user 04927581.
2025-01-19 08:29:56 - Email sent successfully to: brownlucky386@mail.com
2025-01-19 08:29:56 - Processed investment total of 90 for user 04927581.
2025-01-19 08:29:56 - Email sent successfully to: brownlucky386@mail.com
2025-01-19 08:29:56 - Processed investment total of 91 for user 04927581.
2025-01-19 08:29:57 - Email sent successfully to: brownlucky386@mail.com
2025-01-19 08:29:57 - Processed investment total of 92 for user 04927581.
2025-01-19 08:29:57 - Email sent successfully to: brownlucky386@mail.com
2025-01-19 08:29:57 - Processed investment total of 93 for user 04927581.
2025-01-19 08:29:57 - Email sent successfully to: brownlucky386@mail.com
2025-01-19 08:29:57 - Processed investment total of 94 for user 04927581.
2025-01-19 08:29:58 - Email sent successfully to: brownlucky386@mail.com
2025-01-19 08:29:58 - Processed investment total of 95 for user 04927581.
2025-01-19 08:29:58 - Email sent successfully to: brownlucky386@mail.com
2025-01-19 08:29:58 - Processed investment total of 96 for user 04927581.
2025-01-19 08:29:58 - Email sent successfully to: brownlucky386@mail.com
2025-01-19 08:29:58 - Processed investment total of 97 for user 04927581.
2025-01-19 08:29:58 - Email sent successfully to: brownlucky386@mail.com
2025-01-19 08:29:58 - Processed investment total of 98 for user 04927581.
2025-01-19 08:29:59 - Email sent successfully to: brownlucky386@mail.com
2025-01-19 08:29:59 - Processed investment total of 99 for user 04927581.
2025-01-19 08:29:59 - Email sent successfully to: brownlucky386@mail.com
2025-01-19 08:29:59 - Processed investment total of 100 for user 04927581.
2025-01-19 08:29:59 - Email sent successfully to: brownlucky386@mail.com
2025-01-19 08:29:59 - Processed investment total of 101 for user 04927581.
2025-01-19 08:30:00 - Email sent successfully to: brownlucky386@mail.com
2025-01-19 08:30:00 - Processed investment total of 102 for user 04927581.
2025-01-19 08:30:00 - Email sent successfully to: brownlucky386@mail.com
2025-01-19 08:30:00 - Processed investment total of 103 for user 04927581.
2025-01-19 08:30:00 - Email sent successfully to: brownlucky386@mail.com
2025-01-19 08:30:00 - Processed investment total of 104 for user 04927581.
2025-01-19 08:30:00 - Email sent successfully to: goldenassetscompany@gmail.com
2025-01-19 08:30:00 - Processed investment total of 105 for user 48697512.
2025-01-19 08:30:01 - Email sent successfully to: goldenassetscompany@gmail.com
2025-01-19 08:30:01 - Processed investment total of 106 for user 48697512.
2025-01-19 08:30:01 - Email sent successfully to: goldenassetscompany@gmail.com
2025-01-19 08:30:01 - Processed investment total of 107 for user 48697512.
2025-01-19 08:30:01 - Email sent successfully to: goldenassetscompany@gmail.com
2025-01-19 08:30:01 - Processed investment total of 108 for user 48697512.
2025-01-19 08:30:02 - Email sent successfully to: goldenassetscompany@gmail.com
2025-01-19 08:30:02 - Processed investment total of 109 for user 48697512.
2025-01-19 08:30:03 - Email sent successfully to: brownlucky386@mail.com
2025-01-19 08:30:03 - Processed investment total of 110 for user 04927581.
2025-01-19 08:30:03 - Email sent successfully to: brownlucky386@mail.com
2025-01-19 08:30:03 - Processed investment total of 111 for user 04927581.
2025-01-19 08:30:03 - Transaction committed successfully.
2025-01-19 08:30:03 - Script finished.
2025-01-19 08:35:11 - Script started.
2025-01-19 08:35:11 - Active investments found. Processing updates and sending emails.
2025-01-19 08:35:11 - Email sent successfully to: brownlucky38@mail.com
2025-01-19 08:35:11 - Processed investment total of 78 for user 93726854.
2025-01-19 08:35:11 - Email sent successfully to: brownlucky38@mail.com
2025-01-19 08:35:11 - Processed investment total of 79 for user 93726854.
2025-01-19 08:35:12 - Email sent successfully to: brownlucky38@mail.com
2025-01-19 08:35:12 - Processed investment total of 80 for user 93726854.
2025-01-19 08:35:12 - Email sent successfully to: brownlucky38@mail.com
2025-01-19 08:35:12 - Processed investment total of 81 for user 93726854.
2025-01-19 08:35:12 - Email sent successfully to: brownlucky386@mail.com
2025-01-19 08:35:12 - Processed investment total of 82 for user 04927581.
2025-01-19 08:35:12 - Email sent successfully to: brownlucky386@mail.com
2025-01-19 08:35:12 - Processed investment total of 83 for user 04927581.
2025-01-19 08:35:12 - Email sent successfully to: brownlucky386@mail.com
2025-01-19 08:35:12 - Processed investment total of 84 for user 04927581.
2025-01-19 08:35:13 - Email sent successfully to: brownlucky386@mail.com
2025-01-19 08:35:13 - Processed investment total of 85 for user 04927581.
2025-01-19 08:35:13 - Email sent successfully to: brownlucky386@mail.com
2025-01-19 08:35:13 - Processed investment total of 86 for user 04927581.
2025-01-19 08:35:13 - Email sent successfully to: brownlucky386@mail.com
2025-01-19 08:35:13 - Processed investment total of 87 for user 04927581.
2025-01-19 08:35:14 - Email sent successfully to: brownlucky386@mail.com
2025-01-19 08:35:14 - Processed investment total of 88 for user 04927581.
2025-01-19 08:35:14 - Email sent successfully to: brownlucky386@mail.com
2025-01-19 08:35:14 - Processed investment total of 89 for user 04927581.
2025-01-19 08:35:14 - Email sent successfully to: brownlucky386@mail.com
2025-01-19 08:35:14 - Processed investment total of 90 for user 04927581.
2025-01-19 08:35:15 - Email sent successfully to: brownlucky386@mail.com
2025-01-19 08:35:15 - Processed investment total of 91 for user 04927581.
2025-01-19 08:35:15 - Email sent successfully to: brownlucky386@mail.com
2025-01-19 08:35:15 - Processed investment total of 92 for user 04927581.
2025-01-19 08:35:15 - Email sent successfully to: brownlucky386@mail.com
2025-01-19 08:35:15 - Processed investment total of 93 for user 04927581.
2025-01-19 08:35:15 - Email sent successfully to: brownlucky386@mail.com
2025-01-19 08:35:15 - Processed investment total of 94 for user 04927581.
2025-01-19 08:35:16 - Email sent successfully to: brownlucky386@mail.com
2025-01-19 08:35:16 - Processed investment total of 95 for user 04927581.
2025-01-19 08:35:16 - Email sent successfully to: brownlucky386@mail.com
2025-01-19 08:35:16 - Processed investment total of 96 for user 04927581.
2025-01-19 08:35:16 - Email sent successfully to: brownlucky386@mail.com
2025-01-19 08:35:16 - Processed investment total of 97 for user 04927581.
2025-01-19 08:35:17 - Email sent successfully to: brownlucky386@mail.com
2025-01-19 08:35:17 - Processed investment total of 98 for user 04927581.
2025-01-19 08:35:17 - Email sent successfully to: brownlucky386@mail.com
2025-01-19 08:35:17 - Processed investment total of 99 for user 04927581.
2025-01-19 08:35:17 - Email sent successfully to: brownlucky386@mail.com
2025-01-19 08:35:17 - Processed investment total of 100 for user 04927581.
2025-01-19 08:35:18 - Email sent successfully to: brownlucky386@mail.com
2025-01-19 08:35:18 - Processed investment total of 101 for user 04927581.
2025-01-19 08:35:18 - Email sent successfully to: brownlucky386@mail.com
2025-01-19 08:35:18 - Processed investment total of 102 for user 04927581.
2025-01-19 08:35:18 - Email sent successfully to: brownlucky386@mail.com
2025-01-19 08:35:18 - Processed investment total of 103 for user 04927581.
2025-01-19 08:35:18 - Email sent successfully to: brownlucky386@mail.com
2025-01-19 08:35:18 - Processed investment total of 104 for user 04927581.
2025-01-19 08:35:19 - Email sent successfully to: goldenassetscompany@gmail.com
2025-01-19 08:35:19 - Processed investment total of 105 for user 48697512.
2025-01-19 08:35:19 - Email sent successfully to: goldenassetscompany@gmail.com
2025-01-19 08:35:19 - Processed investment total of 106 for user 48697512.
2025-01-19 08:35:19 - Email sent successfully to: goldenassetscompany@gmail.com
2025-01-19 08:35:19 - Processed investment total of 107 for user 48697512.
2025-01-19 08:35:19 - Email sent successfully to: goldenassetscompany@gmail.com
2025-01-19 08:35:19 - Processed investment total of 108 for user 48697512.
2025-01-19 08:35:20 - Email sent successfully to: goldenassetscompany@gmail.com
2025-01-19 08:35:20 - Processed investment total of 109 for user 48697512.
2025-01-19 08:35:20 - Email sent successfully to: brownlucky386@mail.com
2025-01-19 08:35:20 - Processed investment total of 110 for user 04927581.
2025-01-19 08:35:21 - Email sent successfully to: brownlucky386@mail.com
2025-01-19 08:35:21 - Processed investment total of 111 for user 04927581.
2025-01-19 08:35:21 - Transaction committed successfully.
2025-01-19 08:35:21 - Script finished.
2025-01-19 08:45:24 - Script started.
2025-01-19 08:45:24 - Active investments found. Processing updates and sending emails.
2025-01-19 08:45:24 - Email sent successfully to: brownlucky386@mail.com
2025-01-19 08:45:24 - Processed investment total of 111 for user 04927581.
2025-01-19 08:45:25 - Processed completed investment 112 for user 04927581.
2025-01-19 08:45:25 - Transaction committed successfully.
2025-01-19 08:45:25 - Script finished.
2025-01-19 08:52:07 - Script started.
2025-01-19 08:52:07 - Active investments found. Processing updates and sending emails.
2025-01-19 08:52:07 - Email sent successfully to: brownlucky386@mail.com
2025-01-19 08:52:07 - Processed investment total of 111 for user 04927581.
2025-01-19 08:52:07 - Email sent successfully to: brownlucky386@mail.com
2025-01-19 08:52:07 - Processed investment total of 112 for user 04927581.
2025-01-19 08:52:07 - Transaction committed successfully.
2025-01-19 08:52:07 - Script finished.
2025-01-19 09:12:28 - Script started.
2025-01-19 09:12:28 - Active investments found. Processing updates and sending emails.
2025-01-19 09:12:28 - Email sent successfully to: brownlucky386@mail.com
2025-01-19 09:12:28 - Processed investment total of 111 for user 04927581.
2025-01-19 09:12:28 - Processed completed investment 112 for user 04927581.
2025-01-19 09:12:28 - Transaction committed successfully.
2025-01-19 09:12:28 - Script finished.
2025-01-19 09:12:32 - Script started.
2025-01-19 09:12:32 - Active investments found. Processing updates and sending emails.
2025-01-19 09:12:32 - Email sent successfully to: brownlucky386@mail.com
2025-01-19 09:12:32 - Processed investment total of 111 for user 04927581.
2025-01-19 09:12:32 - Processed completed investment 112 for user 04927581.
2025-01-19 09:12:32 - Transaction committed successfully.
2025-01-19 09:12:32 - Script finished.
2025-01-19 09:13:25 - Script started.
2025-01-19 09:13:25 - Active investments found. Processing updates and sending emails.
2025-01-19 09:13:25 - Email sent successfully to: brownlucky386@mail.com
2025-01-19 09:13:26 - Processed investment 111 for user 04927581.
2025-01-19 09:13:26 - Email sent successfully to: brownlucky386@mail.com
2025-01-19 09:13:26 - Processed investment 112 for user 04927581.
2025-01-19 09:13:26 - Transaction committed successfully.
2025-01-19 09:13:26 - Script finished.
2025-01-19 09:13:34 - Script started.
2025-01-19 09:13:34 - Active investments found. Processing updates and sending emails.
2025-01-19 09:13:34 - Email sent successfully to: brownlucky386@mail.com
2025-01-19 09:13:34 - Processed investment 111 for user 04927581.
2025-01-19 09:13:34 - Transaction committed successfully.
2025-01-19 09:13:34 - Script finished.
2025-01-19 09:17:21 - Script started.
2025-01-19 09:17:21 - Active investments found. Processing updates and sending emails.
2025-01-19 09:17:21 - Email sent successfully to: brownlucky386@mail.com
2025-01-19 09:17:21 - Processed investment 111 for user 04927581.
2025-01-19 09:17:21 - Transaction committed successfully.
2025-01-19 09:17:21 - Script finished.
2025-01-19 09:18:05 - Script started.
2025-01-19 09:18:05 - Active investments found. Processing updates and sending emails.
2025-01-19 09:18:06 - Email sent successfully to: brownlucky386@mail.com
2025-01-19 09:18:06 - Processed investment 111 for user 04927581.
2025-01-19 09:18:06 - Transaction committed successfully.
2025-01-19 09:18:06 - Script finished.
2025-01-19 09:19:08 - Script started.
2025-01-19 09:19:08 - Active investments found. Processing updates and sending emails.
2025-01-19 09:19:09 - Email sent successfully to: brownlucky386@mail.com
2025-01-19 09:19:09 - Processed investment 111 for user 04927581.
2025-01-19 09:19:09 - Transaction committed successfully.
2025-01-19 09:19:09 - Script finished.
2025-01-19 09:20:04 - Script started.
2025-01-19 09:20:04 - Active investments found. Processing updates and sending emails.
2025-01-19 09:20:05 - Email sent successfully to: brownlucky386@mail.com
2025-01-19 09:20:05 - Processed investment 111 for user 04927581.
2025-01-19 09:20:05 - Transaction committed successfully.
2025-01-19 09:20:05 - Script finished.
2025-01-19 09:23:11 - Script started.
2025-01-19 09:23:11 - Active investments found. Processing updates and sending emails.
2025-01-19 09:23:11 - Email sent successfully to: brownlucky386@mail.com
2025-01-19 09:23:11 - Processed investment 111 for user 04927581.
2025-01-19 09:23:11 - Transaction committed successfully.
2025-01-19 09:23:11 - Script finished.
2025-01-19 09:25:58 - Script started.
2025-01-19 09:25:58 - Active investments found. Processing updates and sending emails.
2025-01-19 09:25:58 - Email sent successfully to: brownlucky386@mail.com
2025-01-19 09:25:59 - Processed investment 111 for user 04927581.
2025-01-19 09:25:59 - Transaction committed successfully.
2025-01-19 09:25:59 - Script finished.
2025-01-19 09:27:16 - Script started.
2025-01-19 09:27:16 - Active investments found. Processing updates and sending emails.
2025-01-19 09:27:17 - Email sent successfully to: brownlucky386@mail.com
2025-01-19 09:27:17 - Processed investment 111 for user 04927581.
2025-01-19 09:27:17 - Email sent successfully to: brownlucky386@mail.com
2025-01-19 09:27:17 - Processed investment 112 for user 04927581.
2025-01-19 09:27:17 - Transaction committed successfully.
2025-01-19 09:27:17 - Script finished.
2025-01-19 09:28:46 - Script started.
2025-01-19 09:28:46 - Active investments found. Processing updates and sending emails.
2025-01-19 09:28:46 - Email sent successfully to: brownlucky386@mail.com
2025-01-19 09:28:46 - Processed investment 111 for user 04927581.
2025-01-19 09:28:46 - Transaction committed successfully.
2025-01-19 09:28:46 - Script finished.
2025-01-19 09:46:39 - Script started.
2025-01-19 09:46:39 - Active investments found. Processing updates and sending emails.
2025-01-19 09:46:39 - Email sent successfully to: brownlucky386@mail.com
2025-01-19 09:46:39 - Processed investment 111 for user 04927581.
2025-01-19 09:46:40 - Email sent successfully to: brownlucky386@mail.com
2025-01-19 09:46:40 - Processed investment 112 for user 04927581.
2025-01-19 09:46:40 - Transaction committed successfully.
2025-01-19 09:46:40 - Script finished.
2025-01-19 09:48:42 - Script started.
2025-01-19 09:48:42 - Active investments found. Processing updates and sending emails.
2025-01-19 09:48:42 - Email sent successfully to: brownlucky386@mail.com
2025-01-19 09:48:42 - Processed investment 111 for user 04927581.
2025-01-19 09:48:43 - Email sent successfully to: brownlucky386@mail.com
2025-01-19 09:48:43 - Processed investment 112 for user 04927581.
2025-01-19 09:48:43 - Transaction committed successfully.
2025-01-19 09:48:43 - Script finished.
2025-01-19 09:50:35 - Script started.
2025-01-19 09:50:35 - Active investments found. Processing updates and sending emails.
2025-01-19 09:50:35 - Email sent successfully to: brownlucky386@mail.com
2025-01-19 09:50:35 - Processed investment total of 111 for user 04927581.
2025-01-19 09:50:35 - Processed completed investment 112 for user 04927581.
2025-01-19 09:50:35 - Transaction committed successfully.
2025-01-19 09:50:35 - Script finished.
2025-01-19 09:55:55 - Script started.
2025-01-19 09:55:55 - Active investments found. Processing updates and sending emails.
2025-01-19 09:55:55 - Email sent successfully to: brownlucky386@mail.com
2025-01-19 09:55:55 - Processed investment total of 111 for user 04927581.
2025-01-19 09:55:55 - Processed completed investment 112 for user 04927581.
2025-01-19 09:55:55 - Transaction committed successfully.
2025-01-19 09:55:55 - Script finished.
2025-01-19 09:56:37 - Script started.
2025-01-19 09:56:37 - Active investments found. Processing updates and sending emails.
2025-01-19 09:56:37 - Email sent successfully to: brownlucky386@mail.com
2025-01-19 09:56:37 - Processed investment total of 111 for user 04927581.
2025-01-19 09:56:37 - Processed completed investment 112 for user 04927581.
2025-01-19 09:56:37 - Transaction committed successfully.
2025-01-19 09:56:37 - Script finished.
2025-01-19 10:02:22 - Script started.
2025-01-19 10:02:22 - Active investments found. Processing updates and sending emails.
2025-01-19 10:02:22 - Email sent successfully to: brownlucky386@mail.com
2025-01-19 10:02:26 - Processed investment 111 for user 04927581.
2025-01-19 10:02:26 - Email sent successfully to: brownlucky386@mail.com
2025-01-19 10:02:30 - Processed investment 112 for user 04927581.
2025-01-19 10:02:30 - Transaction committed successfully.
2025-01-19 10:02:30 - Script finished.
2025-01-19 15:00:04 - Script started.
2025-01-19 15:00:04 - Active investments found. Processing updates and sending emails.
2025-01-19 15:00:05 - Email sent successfully to: brownlucky386@mail.com
2025-01-19 15:00:09 - Processed investment 111 for user 04927581.
2025-01-19 15:00:09 - Transaction committed successfully.
2025-01-19 15:00:09 - Script finished.
2025-01-20 12:32:02 - Script started.
2025-01-20 12:32:02 - Active investments found. Processing updates and sending emails.
2025-01-20 12:33:55 - Script started.
2025-01-20 12:33:55 - Active investments found. Processing updates and sending emails.
2025-01-20 12:37:34 - Script started.
2025-01-20 12:37:34 - Active investments found. Processing updates and sending emails.
2025-01-20 12:37:34 - Email sent successfully to: brownlucky386@mail.com
2025-01-20 12:37:38 - Processed investment 111 for user 04927581.
2025-01-20 12:37:38 - Email sent successfully to: brownlucky386@mail.com
2025-01-20 12:37:42 - Processed investment 113 for user 04927581.
2025-01-20 12:37:42 - Transaction committed successfully.
2025-01-20 12:37:42 - Script finished.
2025-01-20 15:00:03 - Script started.
2025-01-20 15:00:03 - Active investments found. Processing updates and sending emails.
2025-01-20 15:00:03 - Email sent successfully to: brownlucky386@mail.com
2025-01-20 15:00:08 - Processed investment 111 for user 04927581.
2025-01-20 15:00:08 - Email sent successfully to: brownlucky386@mail.com
2025-01-20 15:00:12 - Processed investment 113 for user 04927581.
2025-01-20 15:00:12 - Email sent successfully to: brownlucky386@mail.com
2025-01-20 15:00:16 - Processed investment 114 for user 04927581.
2025-01-20 15:00:16 - Transaction committed successfully.
2025-01-20 15:00:16 - Script finished.
2025-01-21 15:00:04 - Script started.
2025-01-21 15:00:04 - Active investments found. Processing updates and sending emails.
2025-01-21 15:00:04 - Email sent successfully to: brownlucky386@mail.com
2025-01-21 15:00:08 - Processed investment 113 for user 04927581.
2025-01-21 15:00:08 - Email sent successfully to: brownlucky386@mail.com
2025-01-21 15:00:12 - Processed investment 114 for user 04927581.
2025-01-21 15:00:12 - Transaction committed successfully.
2025-01-21 15:00:12 - Script finished.
2025-01-22 15:00:03 - Script started.
2025-01-22 15:00:03 - Active investments found. Processing updates and sending emails.
2025-01-22 15:00:04 - Email sent successfully to: brownlucky386@mail.com
2025-01-22 15:00:08 - Processed investment 114 for user 04927581.
2025-01-22 15:00:08 - Email sent successfully to: brownlucky386@mail.com
2025-01-22 15:00:12 - Processed investment 115 for user 04927581.
2025-01-22 15:00:12 - Email sent successfully to: brownlucky386@mail.com
2025-01-22 15:00:16 - Processed investment 116 for user 04927581.
2025-01-22 15:00:16 - Email sent successfully to: brownlucky386@mail.com
2025-01-22 15:00:20 - Processed investment 117 for user 04927581.
2025-01-22 15:00:21 - Email sent successfully to: brownlucky386@mail.com
2025-01-22 15:00:25 - Processed investment 118 for user 04927581.
2025-01-22 15:00:25 - Email sent successfully to: brownlucky386@mail.com
2025-01-22 15:00:29 - Processed investment 119 for user 04927581.
2025-01-22 15:00:29 - Email sent successfully to: brownlucky386@mail.com
2025-01-22 15:00:33 - Processed investment 120 for user 04927581.
2025-01-22 15:00:33 - Transaction committed successfully.
2025-01-22 15:00:33 - Script finished.
2025-01-23 15:00:04 - Script started.
2025-01-23 15:00:04 - Active investments found. Processing updates and sending emails.
2025-01-23 15:00:05 - Email sent successfully to: brownlucky386@mail.com
2025-01-23 15:00:09 - Processed investment 114 for user 04927581.
2025-01-23 15:00:09 - Email sent successfully to: brownlucky386@mail.com
2025-01-23 15:00:13 - Processed investment 115 for user 04927581.
2025-01-23 15:00:13 - Email sent successfully to: brownlucky386@mail.com
2025-01-23 15:00:17 - Processed investment 116 for user 04927581.
2025-01-23 15:00:17 - Email sent successfully to: brownlucky386@mail.com
2025-01-23 15:00:21 - Processed investment 117 for user 04927581.
2025-01-23 15:00:21 - Email sent successfully to: brownlucky386@mail.com
2025-01-23 15:00:25 - Processed investment 118 for user 04927581.
2025-01-23 15:00:26 - Email sent successfully to: brownlucky386@mail.com
2025-01-23 15:00:30 - Processed investment 119 for user 04927581.
2025-01-23 15:00:30 - Email sent successfully to: brownlucky386@mail.com
2025-01-23 15:00:34 - Processed investment 120 for user 04927581.
2025-01-23 15:00:34 - Transaction committed successfully.
2025-01-23 15:00:34 - Script finished.
2025-01-24 15:00:03 - Script started.
2025-01-24 15:00:03 - Active investments found. Processing updates and sending emails.
2025-01-24 15:00:04 - Email sent successfully to: brownlucky386@mail.com
2025-01-24 15:00:08 - Processed investment 114 for user 04927581.
2025-01-24 15:00:08 - Email sent successfully to: brownlucky386@mail.com
2025-01-24 15:00:12 - Processed investment 115 for user 04927581.
2025-01-24 15:00:12 - Email sent successfully to: brownlucky386@mail.com
2025-01-24 15:00:16 - Processed investment 116 for user 04927581.
2025-01-24 15:00:16 - Email sent successfully to: brownlucky386@mail.com
2025-01-24 15:00:20 - Processed investment 117 for user 04927581.
2025-01-24 15:00:21 - Email sent successfully to: brownlucky386@mail.com
2025-01-24 15:00:25 - Processed investment 118 for user 04927581.
2025-01-24 15:00:25 - Email sent successfully to: brownlucky386@mail.com
2025-01-24 15:00:29 - Processed investment 119 for user 04927581.
2025-01-24 15:00:29 - Email sent successfully to: brownlucky386@mail.com
2025-01-24 15:00:33 - Processed investment 120 for user 04927581.
2025-01-24 15:00:33 - Email sent successfully to: goldenassetscompany@gmail.com
2025-01-24 15:00:37 - Processed investment 121 for user 48697512.
2025-01-24 15:00:37 - Email sent successfully to: goldenassetscompany@gmail.com
2025-01-24 15:00:41 - Processed investment 122 for user 48697512.
2025-01-24 15:00:42 - Email sent successfully to: goldenassetscompany@gmail.com
2025-01-24 15:00:46 - Processed investment 123 for user 48697512.
2025-01-24 15:00:46 - Email sent successfully to: leodavid5014@gmail.com
2025-01-24 15:00:50 - Processed investment 124 for user 86235179.
2025-01-24 15:00:50 - Email sent successfully to: leodavid5014@gmail.com
2025-01-24 15:00:54 - Processed investment 125 for user 86235179.
2025-01-24 15:00:54 - Email sent successfully to: edmondhills6@gmail.com
2025-01-24 15:00:58 - Processed investment 126 for user 65248173.
2025-01-24 15:00:58 - Transaction committed successfully.
2025-01-24 15:00:58 - Script finished.
2025-01-25 15:00:04 - Script started.
2025-01-25 15:00:04 - Active investments found. Processing updates and sending emails.
2025-01-25 15:00:05 - Email sent successfully to: brownlucky386@mail.com
2025-01-25 15:00:09 - Processed investment 114 for user 04927581.
2025-01-25 15:00:09 - Email sent successfully to: brownlucky386@mail.com
2025-01-25 15:00:13 - Processed investment 116 for user 04927581.
2025-01-25 15:00:13 - Email sent successfully to: brownlucky386@mail.com
2025-01-25 15:00:17 - Processed investment 117 for user 04927581.
2025-01-25 15:00:17 - Email sent successfully to: brownlucky386@mail.com
2025-01-25 15:00:21 - Processed investment 119 for user 04927581.
2025-01-25 15:00:21 - Email sent successfully to: goldenassetscompany@gmail.com
2025-01-25 15:00:25 - Processed investment 121 for user 48697512.
2025-01-25 15:00:25 - Email sent successfully to: goldenassetscompany@gmail.com
2025-01-25 15:00:29 - Processed investment 122 for user 48697512.
2025-01-25 15:00:30 - Email sent successfully to: goldenassetscompany@gmail.com
2025-01-25 15:00:34 - Processed investment 123 for user 48697512.
2025-01-25 15:00:34 - Email sent successfully to: leodavid5014@gmail.com
2025-01-25 15:00:38 - Processed investment 124 for user 86235179.
2025-01-25 15:00:38 - Email sent successfully to: leodavid5014@gmail.com
2025-01-25 15:00:42 - Processed investment 125 for user 86235179.
2025-01-25 15:00:42 - Email sent successfully to: edmondhills6@gmail.com
2025-01-25 15:00:46 - Processed investment 126 for user 65248173.
2025-01-25 15:00:46 - Transaction committed successfully.
2025-01-25 15:00:46 - Script finished.
2025-01-26 15:00:04 - Script started.
2025-01-26 15:00:04 - Active investments found. Processing updates and sending emails.
2025-01-26 15:00:05 - Email sent successfully to: brownlucky386@mail.com
2025-01-26 15:00:09 - Processed investment 114 for user 04927581.
2025-01-26 15:00:09 - Email sent successfully to: brownlucky386@mail.com
2025-01-26 15:00:13 - Processed investment 116 for user 04927581.
2025-01-26 15:00:13 - Email sent successfully to: brownlucky386@mail.com
2025-01-26 15:00:17 - Processed investment 117 for user 04927581.
2025-01-26 15:00:17 - Email sent successfully to: brownlucky386@mail.com
2025-01-26 15:00:21 - Processed investment 119 for user 04927581.
2025-01-26 15:00:22 - Email sent successfully to: goldenassetscompany@gmail.com
2025-01-26 15:00:26 - Processed investment 121 for user 48697512.
2025-01-26 15:00:26 - Email sent successfully to: goldenassetscompany@gmail.com
2025-01-26 15:00:30 - Processed investment 122 for user 48697512.
2025-01-26 15:00:30 - Email sent successfully to: goldenassetscompany@gmail.com
2025-01-26 15:00:34 - Processed investment 123 for user 48697512.
2025-01-26 15:00:34 - Email sent successfully to: leodavid5014@gmail.com
2025-01-26 15:00:38 - Processed investment 124 for user 86235179.
2025-01-26 15:00:38 - Email sent successfully to: leodavid5014@gmail.com
2025-01-26 15:00:42 - Processed investment 125 for user 86235179.
2025-01-26 15:00:43 - Email sent successfully to: edmondhills6@gmail.com
2025-01-26 15:00:47 - Processed investment 126 for user 65248173.
2025-01-26 15:00:47 - Transaction committed successfully.
2025-01-26 15:00:47 - Script finished.
2025-01-27 15:00:04 - Script started.
2025-01-27 15:00:04 - Active investments found. Processing updates and sending emails.
2025-01-27 15:00:05 - Email sent successfully to: brownlucky386@mail.com
2025-01-27 15:00:09 - Processed investment 117 for user 04927581.
2025-01-27 15:00:09 - Email sent successfully to: brownlucky386@mail.com
2025-01-27 15:00:13 - Processed investment 119 for user 04927581.
2025-01-27 15:00:13 - Email sent successfully to: goldenassetscompany@gmail.com
2025-01-27 15:00:17 - Processed investment 122 for user 48697512.
2025-01-27 15:00:17 - Email sent successfully to: goldenassetscompany@gmail.com
2025-01-27 15:00:21 - Processed investment 123 for user 48697512.
2025-01-27 15:00:21 - Email sent successfully to: leodavid5014@gmail.com
2025-01-27 15:00:25 - Processed investment 125 for user 86235179.
2025-01-27 15:00:25 - Transaction committed successfully.
2025-01-27 15:00:25 - Script finished.
2025-01-28 15:00:06 - Script started.
2025-01-28 15:00:06 - Active investments found. Processing updates and sending emails.
2025-01-28 15:00:07 - Email sent successfully to: brownlucky386@mail.com
2025-01-28 15:00:11 - Processed investment 117 for user 04927581.
2025-01-28 15:00:11 - Email sent successfully to: brownlucky386@mail.com
2025-01-28 15:00:16 - Processed investment 119 for user 04927581.
2025-01-28 15:00:16 - Email sent successfully to: goldenassetscompany@gmail.com
2025-01-28 15:00:20 - Processed investment 122 for user 48697512.
2025-01-28 15:00:20 - Email sent successfully to: goldenassetscompany@gmail.com
2025-01-28 15:00:24 - Processed investment 123 for user 48697512.
2025-01-28 15:00:24 - Email sent successfully to: leodavid5014@gmail.com
2025-01-28 15:00:28 - Processed investment 125 for user 86235179.
2025-01-28 15:00:28 - Transaction committed successfully.
2025-01-28 15:00:28 - Script finished.
2025-01-29 15:00:05 - Script started.
2025-01-29 15:00:05 - Active investments found. Processing updates and sending emails.
2025-01-29 15:00:05 - Email sent successfully to: goldenassetscompany@gmail.com
2025-01-29 15:00:09 - Processed investment 122 for user 48697512.
2025-01-29 15:00:10 - Email sent successfully to: goldenassetscompany@gmail.com
2025-01-29 15:00:14 - Processed investment 123 for user 48697512.
2025-01-29 15:00:14 - Email sent successfully to: leodavid5014@gmail.com
2025-01-29 15:00:18 - Processed investment 125 for user 86235179.
2025-01-29 15:00:18 - Transaction committed successfully.
2025-01-29 15:00:18 - Script finished.
2025-01-30 15:00:05 - Script started.
2025-01-30 15:00:05 - Active investments found. Processing updates and sending emails.
2025-01-30 15:00:05 - Email sent successfully to: goldenassetscompany@gmail.com
2025-01-30 15:00:09 - Processed investment 122 for user 48697512.
2025-01-30 15:00:10 - Email sent successfully to: goldenassetscompany@gmail.com
2025-01-30 15:00:14 - Processed investment 123 for user 48697512.
2025-01-30 15:00:14 - Email sent successfully to: leodavid5014@gmail.com
2025-01-30 15:00:18 - Processed investment 125 for user 86235179.
2025-01-30 15:00:18 - Transaction committed successfully.
2025-01-30 15:00:18 - Script finished.
2025-01-31 15:00:07 - Script started.
2025-01-31 15:00:07 - Active investments found. Processing updates and sending emails.
2025-01-31 15:00:07 - Email sent successfully to: goldenassetscompany@gmail.com
2025-01-31 15:00:11 - Processed investment 123 for user 48697512.
2025-01-31 15:00:11 - Transaction committed successfully.
2025-01-31 15:00:11 - Script finished.
2025-02-01 15:00:05 - Script started.
2025-02-01 15:00:05 - Active investments found. Processing updates and sending emails.
2025-02-01 15:00:06 - Email sent successfully to: goldenassetscompany@gmail.com
2025-02-01 15:00:10 - Processed investment 123 for user 48697512.
2025-02-01 15:00:10 - Transaction committed successfully.
2025-02-01 15:00:10 - Script finished.
2025-02-02 15:00:04 - Script started.
2025-02-02 15:00:04 - Active investments found. Processing updates and sending emails.
2025-02-02 15:00:04 - Email sent successfully to: goldenassetscompany@gmail.com
2025-02-02 15:00:08 - Processed investment 123 for user 48697512.
2025-02-02 15:00:08 - Transaction committed successfully.
2025-02-02 15:00:08 - Script finished.
2025-02-03 15:00:04 - Script started.
2025-02-03 15:00:04 - Active investments found. Processing updates and sending emails.
2025-02-03 15:00:05 - Email sent successfully to: goldenassetscompany@gmail.com
2025-02-03 15:00:09 - Processed investment 123 for user 48697512.
2025-02-03 15:00:09 - Transaction committed successfully.
2025-02-03 15:00:09 - Script finished.
2025-02-04 15:00:04 - Script started.
2025-02-04 15:00:04 - Active investments found. Processing updates and sending emails.
2025-02-04 15:00:05 - Email sent successfully to: goldenassetscompany@gmail.com
2025-02-04 15:00:09 - Processed investment 123 for user 48697512.
2025-02-04 15:00:09 - Email sent successfully to: brownlucky386@mail.com
2025-02-04 15:00:13 - Processed investment 127 for user 04927581.
2025-02-04 15:00:13 - Transaction committed successfully.
2025-02-04 15:00:13 - Script finished.
2025-02-05 15:00:04 - Script started.
2025-02-05 15:00:04 - Active investments found. Processing updates and sending emails.
2025-02-05 15:00:05 - Email sent successfully to: goldenassetscompany@gmail.com
2025-02-05 15:00:09 - Processed investment 123 for user 48697512.
2025-02-05 15:00:10 - Email sent successfully to: brownlucky386@mail.com
2025-02-05 15:00:14 - Processed investment 127 for user 04927581.
2025-02-05 15:00:14 - Transaction committed successfully.
2025-02-05 15:00:14 - Script finished.
2025-02-06 15:00:04 - Script started.
2025-02-06 15:00:04 - Active investments found. Processing updates and sending emails.
2025-02-06 15:00:05 - Email sent successfully to: goldenassetscompany@gmail.com
2025-02-06 15:00:09 - Processed investment 123 for user 48697512.
2025-02-06 15:00:09 - Email sent successfully to: brownlucky386@mail.com
2025-02-06 15:00:13 - Processed investment 127 for user 04927581.
2025-02-06 15:00:13 - Transaction committed successfully.
2025-02-06 15:00:13 - Script finished.
2025-02-07 15:00:03 - Script started.
2025-02-07 15:00:04 - Active investments found. Processing updates and sending emails.
2025-02-07 15:00:04 - Email sent successfully to: brownlucky386@mail.com
2025-02-07 15:00:08 - Processed investment 127 for user 04927581.
2025-02-07 15:00:08 - Transaction committed successfully.
2025-02-07 15:00:08 - Script finished.
2025-02-08 15:00:03 - Script started.
2025-02-08 15:00:03 - Active investments found. Processing updates and sending emails.
2025-02-08 15:00:04 - Email sent successfully to: brownlucky386@mail.com
2025-02-08 15:00:08 - Processed investment 127 for user 04927581.
2025-02-08 15:00:08 - Transaction committed successfully.
2025-02-08 15:00:08 - Script finished.
2025-02-09 15:00:05 - Script started.
2025-02-09 15:00:05 - No active investments found.
2025-02-09 15:00:05 - Transaction committed successfully.
2025-02-09 15:00:05 - Script finished.
2025-02-10 15:00:05 - Script started.
2025-02-10 15:00:05 - No active investments found.
2025-02-10 15:00:05 - Transaction committed successfully.
2025-02-10 15:00:05 - Script finished.
2025-02-11 15:00:06 - Script started.
2025-02-11 15:00:06 - No active investments found.
2025-02-11 15:00:06 - Transaction committed successfully.
2025-02-11 15:00:06 - Script finished.
2025-02-12 15:00:05 - Script started.
2025-02-12 15:00:05 - No active investments found.
2025-02-12 15:00:05 - Transaction committed successfully.
2025-02-12 15:00:05 - Script finished.
2025-02-13 15:00:03 - Script started.
2025-02-13 15:00:04 - No active investments found.
2025-02-13 15:00:04 - Transaction committed successfully.
2025-02-13 15:00:04 - Script finished.
2025-02-14 15:00:03 - Script started.
2025-02-14 15:00:03 - No active investments found.
2025-02-14 15:00:03 - Transaction committed successfully.
2025-02-14 15:00:03 - Script finished.
2025-02-15 15:00:02 - Script started.
2025-02-15 15:00:03 - No active investments found.
2025-02-15 15:00:03 - Transaction committed successfully.
2025-02-15 15:00:03 - Script finished.
2025-02-16 15:00:04 - Script started.
2025-02-16 15:00:04 - No active investments found.
2025-02-16 15:00:04 - Transaction committed successfully.
2025-02-16 15:00:04 - Script finished.
2025-02-17 15:00:03 - Script started.
2025-02-17 15:00:03 - No active investments found.
2025-02-17 15:00:03 - Transaction committed successfully.
2025-02-17 15:00:03 - Script finished.
2025-02-18 15:00:03 - Script started.
2025-02-18 15:00:03 - No active investments found.
2025-02-18 15:00:03 - Transaction committed successfully.
2025-02-18 15:00:03 - Script finished.
2025-02-19 15:00:02 - Script started.
2025-02-19 15:00:03 - No active investments found.
2025-02-19 15:00:03 - Transaction committed successfully.
2025-02-19 15:00:03 - Script finished.
2025-02-20 15:00:02 - Script started.
2025-02-20 15:00:03 - No active investments found.
2025-02-20 15:00:03 - Transaction committed successfully.
2025-02-20 15:00:03 - Script finished.
2025-02-21 15:00:02 - Script started.
2025-02-21 15:00:02 - No active investments found.
2025-02-21 15:00:02 - Transaction committed successfully.
2025-02-21 15:00:02 - Script finished.
2025-02-22 15:00:02 - Script started.
2025-02-22 15:00:02 - No active investments found.
2025-02-22 15:00:02 - Transaction committed successfully.
2025-02-22 15:00:02 - Script finished.
2025-02-23 15:00:02 - Script started.
2025-02-23 15:00:02 - No active investments found.
2025-02-23 15:00:02 - Transaction committed successfully.
2025-02-23 15:00:02 - Script finished.
2025-02-24 15:00:02 - Script started.
2025-02-24 15:00:02 - No active investments found.
2025-02-24 15:00:02 - Transaction committed successfully.
2025-02-24 15:00:02 - Script finished.
2025-02-25 15:00:02 - Script started.
2025-02-25 15:00:02 - No active investments found.
2025-02-25 15:00:02 - Transaction committed successfully.
2025-02-25 15:00:02 - Script finished.
2025-02-26 15:00:02 - Script started.
2025-02-26 15:00:02 - No active investments found.
2025-02-26 15:00:02 - Transaction committed successfully.
2025-02-26 15:00:02 - Script finished.
2025-02-27 15:00:04 - Script started.
2025-02-27 15:00:04 - No active investments found.
2025-02-27 15:00:04 - Transaction committed successfully.
2025-02-27 15:00:04 - Script finished.
2025-02-28 15:00:02 - Script started.
2025-02-28 15:00:02 - No active investments found.
2025-02-28 15:00:02 - Transaction committed successfully.
2025-02-28 15:00:02 - Script finished.
2025-03-01 15:00:04 - Script started.
2025-03-01 15:00:04 - No active investments found.
2025-03-01 15:00:04 - Transaction committed successfully.
2025-03-01 15:00:04 - Script finished.
2025-03-02 15:00:02 - Script started.
2025-03-02 15:00:02 - No active investments found.
2025-03-02 15:00:02 - Transaction committed successfully.
2025-03-02 15:00:02 - Script finished.
2025-03-03 15:00:02 - Script started.
2025-03-03 15:00:02 - No active investments found.
2025-03-03 15:00:02 - Transaction committed successfully.
2025-03-03 15:00:02 - Script finished.
2025-03-04 15:00:03 - Script started.
2025-03-04 15:00:03 - No active investments found.
2025-03-04 15:00:03 - Transaction committed successfully.
2025-03-04 15:00:03 - Script finished.
2025-03-05 15:00:04 - Script started.
2025-03-05 15:00:04 - No active investments found.
2025-03-05 15:00:04 - Transaction committed successfully.
2025-03-05 15:00:04 - Script finished.
2025-03-06 15:00:03 - Script started.
2025-03-06 15:00:03 - No active investments found.
2025-03-06 15:00:03 - Transaction committed successfully.
2025-03-06 15:00:03 - Script finished.
2025-03-07 15:00:03 - Script started.
2025-03-07 15:00:03 - No active investments found.
2025-03-07 15:00:03 - Transaction committed successfully.
2025-03-07 15:00:03 - Script finished.
2025-03-08 15:00:02 - Script started.
2025-03-08 15:00:02 - No active investments found.
2025-03-08 15:00:02 - Transaction committed successfully.
2025-03-08 15:00:02 - Script finished.
2025-03-09 14:00:01 - Script started.
2025-03-09 14:00:01 - No active investments found.
2025-03-09 14:00:01 - Transaction committed successfully.
2025-03-09 14:00:01 - Script finished.
2025-03-10 14:00:02 - Script started.
2025-03-10 14:00:02 - No active investments found.
2025-03-10 14:00:02 - Transaction committed successfully.
2025-03-10 14:00:02 - Script finished.
2025-03-11 14:00:02 - Script started.
2025-03-11 14:00:02 - No active investments found.
2025-03-11 14:00:02 - Transaction committed successfully.
2025-03-11 14:00:02 - Script finished.
2025-03-12 14:00:02 - Script started.
2025-03-12 14:00:02 - No active investments found.
2025-03-12 14:00:02 - Transaction committed successfully.
2025-03-12 14:00:02 - Script finished.
2025-03-13 14:00:05 - Script started.
2025-03-13 14:00:05 - No active investments found.
2025-03-13 14:00:05 - Transaction committed successfully.
2025-03-13 14:00:05 - Script finished.
2025-03-14 14:00:04 - Script started.
2025-03-14 14:00:04 - No active investments found.
2025-03-14 14:00:04 - Transaction committed successfully.
2025-03-14 14:00:04 - Script finished.
2025-03-15 14:00:03 - Script started.
2025-03-15 14:00:03 - No active investments found.
2025-03-15 14:00:03 - Transaction committed successfully.
2025-03-15 14:00:03 - Script finished.
2025-03-16 14:00:05 - Script started.
2025-03-16 14:00:05 - Active investments found. Processing updates and sending emails.
2025-03-16 14:00:06 - Email sent successfully to: brownlucky386@mail.com
2025-03-16 14:00:10 - Processed investment 128 for user 04927581.
2025-03-16 14:00:10 - Email sent successfully to: brownlucky386@mail.com
2025-03-16 14:00:14 - Processed investment 129 for user 04927581.
2025-03-16 14:00:15 - Email sent successfully to: brownlucky386@mail.com
2025-03-16 14:00:19 - Processed investment 130 for user 04927581.
2025-03-16 14:00:19 - Email sent successfully to: brownlucky386@mail.com
2025-03-16 14:00:23 - Processed investment 131 for user 04927581.
2025-03-16 14:00:23 - Email sent successfully to: brownlucky386@mail.com
2025-03-16 14:00:27 - Processed investment 132 for user 04927581.
2025-03-16 14:00:27 - Email sent successfully to: brownlucky386@mail.com
2025-03-16 14:00:31 - Processed investment 133 for user 04927581.
2025-03-16 14:00:32 - Email sent successfully to: brownlucky386@mail.com
2025-03-16 14:00:36 - Processed investment 134 for user 04927581.
2025-03-16 14:00:36 - Email sent successfully to: brownlucky386@mail.com
2025-03-16 14:00:40 - Processed investment 135 for user 04927581.
2025-03-16 14:00:40 - Email sent successfully to: brownlucky386@mail.com
2025-03-16 14:00:44 - Processed investment 136 for user 04927581.
2025-03-16 14:00:44 - Email sent successfully to: brownlucky386@mail.com
2025-03-16 14:00:48 - Processed investment 137 for user 04927581.
2025-03-16 14:00:49 - Email sent successfully to: brownlucky386@mail.com
2025-03-16 14:00:53 - Processed investment 138 for user 04927581.
2025-03-16 14:00:53 - Email sent successfully to: brownlucky386@mail.com
2025-03-16 14:00:57 - Processed investment 139 for user 04927581.
2025-03-16 14:00:57 - Email sent successfully to: brownlucky386@mail.com
2025-03-16 14:01:01 - Processed investment 140 for user 04927581.
2025-03-16 14:01:02 - Email sent successfully to: brownlucky386@mail.com
2025-03-16 14:01:06 - Processed investment 141 for user 04927581.
2025-03-16 14:01:06 - Email sent successfully to: brownlucky386@mail.com
2025-03-16 14:01:10 - Processed investment 142 for user 04927581.
2025-03-16 14:01:10 - Email sent successfully to: brownlucky386@mail.com
2025-03-16 14:01:14 - Processed investment 143 for user 04927581.
2025-03-16 14:01:14 - Transaction committed successfully.
2025-03-16 14:01:14 - Script finished.
2025-03-17 14:00:07 - Script started.
2025-03-17 14:00:07 - Active investments found. Processing updates and sending emails.
2025-03-17 14:00:07 - Email sent successfully to: brownlucky386@mail.com
2025-03-17 14:00:11 - Processed investment 128 for user 04927581.
2025-03-17 14:00:12 - Email sent successfully to: brownlucky386@mail.com
2025-03-17 14:00:16 - Processed investment 129 for user 04927581.
2025-03-17 14:00:16 - Email sent successfully to: brownlucky386@mail.com
2025-03-17 14:00:20 - Processed investment 130 for user 04927581.
2025-03-17 14:00:20 - Email sent successfully to: brownlucky386@mail.com
2025-03-17 14:00:24 - Processed investment 131 for user 04927581.
2025-03-17 14:00:24 - Email sent successfully to: brownlucky386@mail.com
2025-03-17 14:00:28 - Processed investment 132 for user 04927581.
2025-03-17 14:00:29 - Email sent successfully to: brownlucky386@mail.com
2025-03-17 14:00:33 - Processed investment 133 for user 04927581.
2025-03-17 14:00:33 - Email sent successfully to: brownlucky386@mail.com
2025-03-17 14:00:37 - Processed investment 134 for user 04927581.
2025-03-17 14:00:37 - Email sent successfully to: brownlucky386@mail.com
2025-03-17 14:00:41 - Processed investment 135 for user 04927581.
2025-03-17 14:00:41 - Email sent successfully to: brownlucky386@mail.com
2025-03-17 14:00:45 - Processed investment 136 for user 04927581.
2025-03-17 14:00:45 - Email sent successfully to: brownlucky386@mail.com
2025-03-17 14:00:49 - Processed investment 137 for user 04927581.
2025-03-17 14:00:50 - Email sent successfully to: brownlucky386@mail.com
2025-03-17 14:00:54 - Processed investment 138 for user 04927581.
2025-03-17 14:00:54 - Email sent successfully to: brownlucky386@mail.com
2025-03-17 14:00:58 - Processed investment 139 for user 04927581.
2025-03-17 14:00:58 - Email sent successfully to: brownlucky386@mail.com
2025-03-17 14:01:02 - Processed investment 140 for user 04927581.
2025-03-17 14:01:02 - Email sent successfully to: brownlucky386@mail.com
2025-03-17 14:01:06 - Processed investment 141 for user 04927581.
2025-03-17 14:01:07 - Email sent successfully to: brownlucky386@mail.com
2025-03-17 14:01:11 - Processed investment 142 for user 04927581.
2025-03-17 14:01:11 - Email sent successfully to: brownlucky386@mail.com
2025-03-17 14:01:15 - Processed investment 143 for user 04927581.
2025-03-17 14:01:15 - Email sent successfully to: brownlucky386@mail.com
2025-03-17 14:01:19 - Processed investment 144 for user 04927581.
2025-03-17 14:01:19 - Email sent successfully to: brownlucky386@mail.com
2025-03-17 14:01:23 - Processed investment 145 for user 04927581.
2025-03-17 14:01:23 - Email sent successfully to: brownlucky386@mail.com
2025-03-17 14:01:27 - Processed investment 146 for user 04927581.
2025-03-17 14:01:27 - Transaction committed successfully.
2025-03-17 14:01:27 - Script finished.
2025-03-18 14:00:03 - Script started.
2025-03-18 14:00:03 - Active investments found. Processing updates and sending emails.
2025-03-18 14:00:04 - Email sent successfully to: brownlucky386@mail.com
2025-03-18 14:00:08 - Processed investment 128 for user 04927581.
2025-03-18 14:00:08 - Email sent successfully to: brownlucky386@mail.com
2025-03-18 14:00:12 - Processed investment 129 for user 04927581.
2025-03-18 14:00:12 - Email sent successfully to: brownlucky386@mail.com
2025-03-18 14:00:16 - Processed investment 130 for user 04927581.
2025-03-18 14:00:16 - Email sent successfully to: brownlucky386@mail.com
2025-03-18 14:00:21 - Processed investment 131 for user 04927581.
2025-03-18 14:00:21 - Email sent successfully to: brownlucky386@mail.com
2025-03-18 14:00:25 - Processed investment 132 for user 04927581.
2025-03-18 14:00:25 - Email sent successfully to: brownlucky386@mail.com
2025-03-18 14:00:30 - Processed investment 133 for user 04927581.
2025-03-18 14:00:30 - Email sent successfully to: brownlucky386@mail.com
2025-03-18 14:00:34 - Processed investment 134 for user 04927581.
2025-03-18 14:00:34 - Email sent successfully to: brownlucky386@mail.com
2025-03-18 14:00:38 - Processed investment 135 for user 04927581.
2025-03-18 14:00:39 - Email sent successfully to: brownlucky386@mail.com
2025-03-18 14:00:43 - Processed investment 136 for user 04927581.
2025-03-18 14:00:43 - Email sent successfully to: brownlucky386@mail.com
2025-03-18 14:00:47 - Processed investment 137 for user 04927581.
2025-03-18 14:00:47 - Email sent successfully to: brownlucky386@mail.com
2025-03-18 14:00:52 - Processed investment 138 for user 04927581.
2025-03-18 14:00:52 - Email sent successfully to: brownlucky386@mail.com
2025-03-18 14:00:56 - Processed investment 139 for user 04927581.
2025-03-18 14:00:56 - Email sent successfully to: brownlucky386@mail.com
2025-03-18 14:01:00 - Processed investment 140 for user 04927581.
2025-03-18 14:01:01 - Email sent successfully to: brownlucky386@mail.com
2025-03-18 14:01:05 - Processed investment 141 for user 04927581.
2025-03-18 14:01:05 - Email sent successfully to: brownlucky386@mail.com
2025-03-18 14:01:09 - Processed investment 142 for user 04927581.
2025-03-18 14:01:09 - Email sent successfully to: brownlucky386@mail.com
2025-03-18 14:01:13 - Processed investment 143 for user 04927581.
2025-03-18 14:01:14 - Email sent successfully to: brownlucky386@mail.com
2025-03-18 14:01:18 - Processed investment 144 for user 04927581.
2025-03-18 14:01:18 - Email sent successfully to: brownlucky386@mail.com
2025-03-18 14:01:22 - Processed investment 145 for user 04927581.
2025-03-18 14:01:22 - Email sent successfully to: brownlucky386@mail.com
2025-03-18 14:01:26 - Processed investment 146 for user 04927581.
2025-03-18 14:01:26 - Transaction committed successfully.
2025-03-18 14:01:26 - Script finished.
2025-03-19 14:00:05 - Script started.
2025-03-19 14:00:05 - Active investments found. Processing updates and sending emails.
2025-03-19 14:00:06 - Email sent successfully to: brownlucky386@mail.com
2025-03-19 14:00:10 - Processed investment 129 for user 04927581.
2025-03-19 14:00:10 - Email sent successfully to: brownlucky386@mail.com
2025-03-19 14:00:14 - Processed investment 144 for user 04927581.
2025-03-19 14:00:15 - Email sent successfully to: brownlucky386@mail.com
2025-03-19 14:00:19 - Processed investment 145 for user 04927581.
2025-03-19 14:00:19 - Email sent successfully to: brownlucky386@mail.com
2025-03-19 14:00:23 - Processed investment 146 for user 04927581.
2025-03-19 14:00:23 - Transaction committed successfully.
2025-03-19 14:00:23 - Script finished.
2025-03-20 14:00:04 - Script started.
2025-03-20 14:00:04 - Active investments found. Processing updates and sending emails.
2025-03-20 14:00:04 - Email sent successfully to: brownlucky386@mail.com
2025-03-20 14:00:08 - Processed investment 129 for user 04927581.
2025-03-20 14:00:08 - Transaction committed successfully.
2025-03-20 14:00:08 - Script finished.
2025-03-21 14:00:04 - Script started.
2025-03-21 14:00:04 - Active investments found. Processing updates and sending emails.
2025-03-21 14:00:04 - Email sent successfully to: brownlucky386@mail.com
2025-03-21 14:00:08 - Processed investment 129 for user 04927581.
2025-03-21 14:00:08 - Transaction committed successfully.
2025-03-21 14:00:08 - Script finished.
2025-03-22 14:00:03 - Script started.
2025-03-22 14:00:03 - Active investments found. Processing updates and sending emails.
2025-03-22 14:00:04 - Email sent successfully to: brownlucky386@mail.com
2025-03-22 14:00:08 - Processed investment 129 for user 04927581.
2025-03-22 14:00:08 - Transaction committed successfully.
2025-03-22 14:00:08 - Script finished.
2025-03-23 14:00:03 - Script started.
2025-03-23 14:00:03 - No active investments found.
2025-03-23 14:00:03 - Transaction committed successfully.
2025-03-23 14:00:03 - Script finished.
2025-03-24 14:00:03 - Script started.
2025-03-24 14:00:03 - No active investments found.
2025-03-24 14:00:03 - Transaction committed successfully.
2025-03-24 14:00:03 - Script finished.
2025-03-25 14:00:03 - Script started.
2025-03-25 14:00:03 - No active investments found.
2025-03-25 14:00:03 - Transaction committed successfully.
2025-03-25 14:00:03 - Script finished.
2025-03-26 14:00:04 - Script started.
2025-03-26 14:00:04 - No active investments found.
2025-03-26 14:00:04 - Transaction committed successfully.
2025-03-26 14:00:04 - Script finished.
2025-03-27 14:00:03 - Script started.
2025-03-27 14:00:03 - No active investments found.
2025-03-27 14:00:03 - Transaction committed successfully.
2025-03-27 14:00:03 - Script finished.
2025-03-28 14:00:02 - Script started.
2025-03-28 14:00:02 - No active investments found.
2025-03-28 14:00:02 - Transaction committed successfully.
2025-03-28 14:00:02 - Script finished.
2025-03-29 14:00:02 - Script started.
2025-03-29 14:00:02 - No active investments found.
2025-03-29 14:00:02 - Transaction committed successfully.
2025-03-29 14:00:02 - Script finished.
2025-03-30 14:00:01 - Script started.
2025-03-30 14:00:01 - No active investments found.
2025-03-30 14:00:01 - Transaction committed successfully.
2025-03-30 14:00:01 - Script finished.
2025-03-31 14:00:02 - Script started.
2025-03-31 14:00:02 - No active investments found.
2025-03-31 14:00:02 - Transaction committed successfully.
2025-03-31 14:00:02 - Script finished.
2025-04-01 14:00:02 - Script started.
2025-04-01 14:00:02 - No active investments found.
2025-04-01 14:00:02 - Transaction committed successfully.
2025-04-01 14:00:02 - Script finished.
2025-04-02 14:00:02 - Script started.
2025-04-02 14:00:02 - No active investments found.
2025-04-02 14:00:02 - Transaction committed successfully.
2025-04-02 14:00:02 - Script finished.
2025-04-03 14:00:02 - Script started.
2025-04-03 14:00:02 - No active investments found.
2025-04-03 14:00:02 - Transaction committed successfully.
2025-04-03 14:00:02 - Script finished.
2025-04-04 14:00:02 - Script started.
2025-04-04 14:00:02 - No active investments found.
2025-04-04 14:00:02 - Transaction committed successfully.
2025-04-04 14:00:02 - Script finished.
2025-04-05 14:00:02 - Script started.
2025-04-05 14:00:02 - No active investments found.
2025-04-05 14:00:02 - Transaction committed successfully.
2025-04-05 14:00:02 - Script finished.
2025-04-06 14:00:02 - Script started.
2025-04-06 14:00:02 - No active investments found.
2025-04-06 14:00:02 - Transaction committed successfully.
2025-04-06 14:00:02 - Script finished.
2025-04-07 14:00:02 - Script started.
2025-04-07 14:00:02 - No active investments found.
2025-04-07 14:00:02 - Transaction committed successfully.
2025-04-07 14:00:02 - Script finished.
2025-04-08 14:00:04 - Script started.
2025-04-08 14:00:04 - No active investments found.
2025-04-08 14:00:04 - Transaction committed successfully.
2025-04-08 14:00:04 - Script finished.
2025-04-09 14:00:02 - Script started.
2025-04-09 14:00:02 - No active investments found.
2025-04-09 14:00:02 - Transaction committed successfully.
2025-04-09 14:00:02 - Script finished.
2025-04-10 14:00:02 - Script started.
2025-04-10 14:00:02 - Active investments found. Processing updates and sending emails.
2025-04-10 14:00:02 - Email sent successfully to: heyerbusiness@gmail.com
2025-04-10 14:00:06 - Processed investment 147 for user 29461857.
2025-04-10 14:00:06 - Transaction committed successfully.
2025-04-10 14:00:06 - Script finished.
2025-04-11 14:00:02 - Script started.
2025-04-11 14:00:02 - Active investments found. Processing updates and sending emails.
2025-04-11 14:00:03 - Email sent successfully to: heyerbusiness@gmail.com
2025-04-11 14:00:07 - Processed investment 147 for user 29461857.
2025-04-11 14:00:07 - Transaction committed successfully.
2025-04-11 14:00:07 - Script finished.
2025-04-12 14:00:03 - Script started.
2025-04-12 14:00:03 - Active investments found. Processing updates and sending emails.
2025-04-12 14:00:03 - Email sent successfully to: heyerbusiness@gmail.com
2025-04-12 14:00:08 - Processed investment 147 for user 29461857.
2025-04-12 14:00:08 - Transaction committed successfully.
2025-04-12 14:00:08 - Script finished.
2025-04-13 14:00:02 - Script started.
2025-04-13 14:00:03 - No active investments found.
2025-04-13 14:00:03 - Transaction committed successfully.
2025-04-13 14:00:03 - Script finished.
2025-04-14 14:00:03 - Script started.
2025-04-14 14:00:03 - No active investments found.
2025-04-14 14:00:03 - Transaction committed successfully.
2025-04-14 14:00:03 - Script finished.
2025-04-15 14:00:05 - Script started.
2025-04-15 14:00:05 - No active investments found.
2025-04-15 14:00:05 - Transaction committed successfully.
2025-04-15 14:00:05 - Script finished.
2025-04-16 14:00:07 - Script started.
2025-04-16 14:00:07 - No active investments found.
2025-04-16 14:00:07 - Transaction committed successfully.
2025-04-16 14:00:07 - Script finished.
2025-04-17 14:00:07 - Script started.
2025-04-17 14:00:07 - No active investments found.
2025-04-17 14:00:07 - Transaction committed successfully.
2025-04-17 14:00:07 - Script finished.
2025-04-18 14:00:04 - Script started.
2025-04-18 14:00:04 - No active investments found.
2025-04-18 14:00:04 - Transaction committed successfully.
2025-04-18 14:00:04 - Script finished.
2025-04-19 14:00:03 - Script started.
2025-04-19 14:00:03 - No active investments found.
2025-04-19 14:00:03 - Transaction committed successfully.
2025-04-19 14:00:03 - Script finished.
2025-04-20 14:00:05 - Script started.
2025-04-20 14:00:05 - No active investments found.
2025-04-20 14:00:05 - Transaction committed successfully.
2025-04-20 14:00:05 - Script finished.
2025-04-21 14:00:06 - Script started.
2025-04-21 14:00:06 - No active investments found.
2025-04-21 14:00:06 - Transaction committed successfully.
2025-04-21 14:00:06 - Script finished.
2025-04-22 14:00:05 - Script started.
2025-04-22 14:00:05 - No active investments found.
2025-04-22 14:00:05 - Transaction committed successfully.
2025-04-22 14:00:05 - Script finished.
2025-04-23 14:00:04 - Script started.
2025-04-23 14:00:04 - No active investments found.
2025-04-23 14:00:04 - Transaction committed successfully.
2025-04-23 14:00:04 - Script finished.
2025-04-24 14:00:05 - Script started.
2025-04-24 14:00:05 - No active investments found.
2025-04-24 14:00:05 - Transaction committed successfully.
2025-04-24 14:00:05 - Script finished.
2025-04-25 14:00:04 - Script started.
2025-04-25 14:00:04 - No active investments found.
2025-04-25 14:00:04 - Transaction committed successfully.
2025-04-25 14:00:04 - Script finished.
2025-04-26 14:00:05 - Script started.
2025-04-26 14:00:05 - No active investments found.
2025-04-26 14:00:05 - Transaction committed successfully.
2025-04-26 14:00:05 - Script finished.
2025-04-27 14:00:04 - Script started.
2025-04-27 14:00:04 - No active investments found.
2025-04-27 14:00:04 - Transaction committed successfully.
2025-04-27 14:00:04 - Script finished.
2025-04-28 14:00:03 - Script started.
2025-04-28 14:00:03 - No active investments found.
2025-04-28 14:00:03 - Transaction committed successfully.
2025-04-28 14:00:03 - Script finished.
2025-04-29 14:00:04 - Script started.
2025-04-29 14:00:04 - No active investments found.
2025-04-29 14:00:04 - Transaction committed successfully.
2025-04-29 14:00:04 - Script finished.
2025-04-30 14:00:03 - Script started.
2025-04-30 14:00:03 - No active investments found.
2025-04-30 14:00:03 - Transaction committed successfully.
2025-04-30 14:00:03 - Script finished.
2025-05-01 14:00:04 - Script started.
2025-05-01 14:00:04 - No active investments found.
2025-05-01 14:00:04 - Transaction committed successfully.
2025-05-01 14:00:04 - Script finished.
2025-05-02 14:00:05 - Script started.
2025-05-02 14:00:05 - No active investments found.
2025-05-02 14:00:05 - Transaction committed successfully.
2025-05-02 14:00:05 - Script finished.
2025-05-03 14:00:05 - Script started.
2025-05-03 14:00:05 - No active investments found.
2025-05-03 14:00:05 - Transaction committed successfully.
2025-05-03 14:00:05 - Script finished.
2025-05-04 14:00:04 - Script started.
2025-05-04 14:00:04 - No active investments found.
2025-05-04 14:00:04 - Transaction committed successfully.
2025-05-04 14:00:04 - Script finished.
2025-05-05 14:00:05 - Script started.
2025-05-05 14:00:05 - No active investments found.
2025-05-05 14:00:05 - Transaction committed successfully.
2025-05-05 14:00:05 - Script finished.
2025-05-06 14:00:04 - Script started.
2025-05-06 14:00:04 - No active investments found.
2025-05-06 14:00:04 - Transaction committed successfully.
2025-05-06 14:00:04 - Script finished.
2025-05-07 14:00:04 - Script started.
2025-05-07 14:00:04 - No active investments found.
2025-05-07 14:00:04 - Transaction committed successfully.
2025-05-07 14:00:04 - Script finished.
2025-05-08 14:00:04 - Script started.
2025-05-08 14:00:04 - No active investments found.
2025-05-08 14:00:04 - Transaction committed successfully.
2025-05-08 14:00:04 - Script finished.
2025-05-09 14:00:03 - Script started.
2025-05-09 14:00:03 - No active investments found.
2025-05-09 14:00:03 - Transaction committed successfully.
2025-05-09 14:00:03 - Script finished.
2025-05-10 14:00:04 - Script started.
2025-05-10 14:00:04 - No active investments found.
2025-05-10 14:00:04 - Transaction committed successfully.
2025-05-10 14:00:04 - Script finished.
2025-05-11 14:00:04 - Script started.
2025-05-11 14:00:04 - No active investments found.
2025-05-11 14:00:04 - Transaction committed successfully.
2025-05-11 14:00:04 - Script finished.
2025-05-12 14:00:04 - Script started.
2025-05-12 14:00:04 - No active investments found.
2025-05-12 14:00:04 - Transaction committed successfully.
2025-05-12 14:00:04 - Script finished.
2025-05-13 14:00:05 - Script started.
2025-05-13 14:00:05 - No active investments found.
2025-05-13 14:00:05 - Transaction committed successfully.
2025-05-13 14:00:05 - Script finished.
2025-05-14 14:00:07 - Script started.
2025-05-14 14:00:07 - No active investments found.
2025-05-14 14:00:07 - Transaction committed successfully.
2025-05-14 14:00:07 - Script finished.
2025-05-15 14:00:04 - Script started.
2025-05-15 14:00:04 - No active investments found.
2025-05-15 14:00:04 - Transaction committed successfully.
2025-05-15 14:00:04 - Script finished.
2025-05-16 14:00:03 - Script started.
2025-05-16 14:00:03 - No active investments found.
2025-05-16 14:00:03 - Transaction committed successfully.
2025-05-16 14:00:03 - Script finished.
2025-05-17 14:00:03 - Script started.
2025-05-17 14:00:03 - No active investments found.
2025-05-17 14:00:03 - Transaction committed successfully.
2025-05-17 14:00:03 - Script finished.
2025-05-18 14:00:04 - Script started.
2025-05-18 14:00:04 - No active investments found.
2025-05-18 14:00:04 - Transaction committed successfully.
2025-05-18 14:00:04 - Script finished.
2025-05-19 14:00:05 - Script started.
2025-05-19 14:00:05 - No active investments found.
2025-05-19 14:00:05 - Transaction committed successfully.
2025-05-19 14:00:05 - Script finished.
2025-05-20 14:00:04 - Script started.
2025-05-20 14:00:04 - No active investments found.
2025-05-20 14:00:04 - Transaction committed successfully.
2025-05-20 14:00:04 - Script finished.
2025-05-21 14:00:05 - Script started.
2025-05-21 14:00:05 - No active investments found.
2025-05-21 14:00:05 - Transaction committed successfully.
2025-05-21 14:00:05 - Script finished.
2025-05-22 14:00:04 - Script started.
2025-05-22 14:00:04 - No active investments found.
2025-05-22 14:00:04 - Transaction committed successfully.
2025-05-22 14:00:04 - Script finished.
2025-05-23 14:00:06 - Script started.
2025-05-23 14:00:06 - No active investments found.
2025-05-23 14:00:06 - Transaction committed successfully.
2025-05-23 14:00:06 - Script finished.
2025-05-24 14:00:03 - Script started.
2025-05-24 14:00:03 - No active investments found.
2025-05-24 14:00:03 - Transaction committed successfully.
2025-05-24 14:00:03 - Script finished.
2025-05-25 14:00:02 - Script started.
2025-05-25 14:00:02 - No active investments found.
2025-05-25 14:00:02 - Transaction committed successfully.
2025-05-25 14:00:02 - Script finished.
2025-05-26 14:00:03 - Script started.
2025-05-26 14:00:03 - No active investments found.
2025-05-26 14:00:03 - Transaction committed successfully.
2025-05-26 14:00:03 - Script finished.
2025-05-27 14:00:03 - Script started.
2025-05-27 14:00:03 - No active investments found.
2025-05-27 14:00:03 - Transaction committed successfully.
2025-05-27 14:00:03 - Script finished.
2025-05-28 14:00:03 - Script started.
2025-05-28 14:00:04 - No active investments found.
2025-05-28 14:00:04 - Transaction committed successfully.
2025-05-28 14:00:04 - Script finished.
2025-05-29 14:00:03 - Script started.
2025-05-29 14:00:03 - No active investments found.
2025-05-29 14:00:03 - Transaction committed successfully.
2025-05-29 14:00:03 - Script finished.
2025-05-30 14:00:04 - Script started.
2025-05-30 14:00:04 - No active investments found.
2025-05-30 14:00:04 - Transaction committed successfully.
2025-05-30 14:00:04 - Script finished.
2025-05-31 14:00:03 - Script started.
2025-05-31 14:00:03 - No active investments found.
2025-05-31 14:00:03 - Transaction committed successfully.
2025-05-31 14:00:03 - Script finished.
2025-06-01 14:00:03 - Script started.
2025-06-01 14:00:03 - No active investments found.
2025-06-01 14:00:03 - Transaction committed successfully.
2025-06-01 14:00:03 - Script finished.
2025-06-02 14:00:03 - Script started.
2025-06-02 14:00:03 - No active investments found.
2025-06-02 14:00:03 - Transaction committed successfully.
2025-06-02 14:00:03 - Script finished.
2025-06-03 14:00:04 - Script started.
2025-06-03 14:00:04 - No active investments found.
2025-06-03 14:00:04 - Transaction committed successfully.
2025-06-03 14:00:04 - Script finished.
2025-06-04 14:00:04 - Script started.
2025-06-04 14:00:05 - No active investments found.
2025-06-04 14:00:05 - Transaction committed successfully.
2025-06-04 14:00:05 - Script finished.
2025-06-05 14:00:03 - Script started.
2025-06-05 14:00:04 - No active investments found.
2025-06-05 14:00:04 - Transaction committed successfully.
2025-06-05 14:00:04 - Script finished.
2025-06-06 14:00:04 - Script started.
2025-06-06 14:00:04 - No active investments found.
2025-06-06 14:00:04 - Transaction committed successfully.
2025-06-06 14:00:04 - Script finished.
2025-06-07 14:00:04 - Script started.
2025-06-07 14:00:04 - No active investments found.
2025-06-07 14:00:04 - Transaction committed successfully.
2025-06-07 14:00:04 - Script finished.
2025-06-08 14:00:04 - Script started.
2025-06-08 14:00:04 - No active investments found.
2025-06-08 14:00:04 - Transaction committed successfully.
2025-06-08 14:00:04 - Script finished.
2025-06-09 14:00:05 - Script started.
2025-06-09 14:00:05 - No active investments found.
2025-06-09 14:00:05 - Transaction committed successfully.
2025-06-09 14:00:05 - Script finished.
2025-06-10 14:00:06 - Script started.
2025-06-10 14:00:06 - No active investments found.
2025-06-10 14:00:06 - Transaction committed successfully.
2025-06-10 14:00:06 - Script finished.
2025-06-11 14:00:04 - Script started.
2025-06-11 14:00:04 - No active investments found.
2025-06-11 14:00:04 - Transaction committed successfully.
2025-06-11 14:00:04 - Script finished.
2025-06-12 14:00:04 - Script started.
2025-06-12 14:00:04 - No active investments found.
2025-06-12 14:00:04 - Transaction committed successfully.
2025-06-12 14:00:04 - Script finished.
2025-06-13 14:00:03 - Script started.
2025-06-13 14:00:03 - No active investments found.
2025-06-13 14:00:03 - Transaction committed successfully.
2025-06-13 14:00:03 - Script finished.
2025-06-14 14:00:03 - Script started.
2025-06-14 14:00:03 - No active investments found.
2025-06-14 14:00:03 - Transaction committed successfully.
2025-06-14 14:00:03 - Script finished.
2025-06-15 14:00:03 - Script started.
2025-06-15 14:00:03 - No active investments found.
2025-06-15 14:00:03 - Transaction committed successfully.
2025-06-15 14:00:03 - Script finished.
2025-06-16 14:00:03 - Script started.
2025-06-16 14:00:03 - No active investments found.
2025-06-16 14:00:03 - Transaction committed successfully.
2025-06-16 14:00:03 - Script finished.
2025-06-17 14:00:03 - Script started.
2025-06-17 14:00:03 - No active investments found.
2025-06-17 14:00:03 - Transaction committed successfully.
2025-06-17 14:00:03 - Script finished.
2025-06-18 14:00:04 - Script started.
2025-06-18 14:00:04 - No active investments found.
2025-06-18 14:00:04 - Transaction committed successfully.
2025-06-18 14:00:04 - Script finished.
2025-06-19 14:00:04 - Script started.
2025-06-19 14:00:04 - No active investments found.
2025-06-19 14:00:04 - Transaction committed successfully.
2025-06-19 14:00:04 - Script finished.
2025-06-20 14:00:03 - Script started.
2025-06-20 14:00:04 - No active investments found.
2025-06-20 14:00:04 - Transaction committed successfully.
2025-06-20 14:00:04 - Script finished.
2025-06-21 14:00:04 - Script started.
2025-06-21 14:00:04 - No active investments found.
2025-06-21 14:00:04 - Transaction committed successfully.
2025-06-21 14:00:04 - Script finished.
2025-06-22 14:00:02 - Script started.
2025-06-22 14:00:02 - No active investments found.
2025-06-22 14:00:02 - Transaction committed successfully.
2025-06-22 14:00:02 - Script finished.
2025-06-23 14:00:06 - Script started.
2025-06-23 14:00:06 - No active investments found.
2025-06-23 14:00:06 - Transaction committed successfully.
2025-06-23 14:00:06 - Script finished.
2025-06-24 14:00:03 - Script started.
2025-06-24 14:00:03 - No active investments found.
2025-06-24 14:00:03 - Transaction committed successfully.
2025-06-24 14:00:03 - Script finished.
2025-06-25 14:00:04 - Script started.
2025-06-25 14:00:04 - No active investments found.
2025-06-25 14:00:04 - Transaction committed successfully.
2025-06-25 14:00:04 - Script finished.
2025-06-26 14:00:03 - Script started.
2025-06-26 14:00:03 - No active investments found.
2025-06-26 14:00:03 - Transaction committed successfully.
2025-06-26 14:00:03 - Script finished.
2025-06-27 14:00:05 - Script started.
2025-06-27 14:00:05 - No active investments found.
2025-06-27 14:00:05 - Transaction committed successfully.
2025-06-27 14:00:05 - Script finished.
2025-06-28 14:00:04 - Script started.
2025-06-28 14:00:04 - No active investments found.
2025-06-28 14:00:04 - Transaction committed successfully.
2025-06-28 14:00:04 - Script finished.
2025-06-29 14:00:03 - Script started.
2025-06-29 14:00:03 - No active investments found.
2025-06-29 14:00:03 - Transaction committed successfully.
2025-06-29 14:00:03 - Script finished.
2025-06-30 14:00:04 - Script started.
2025-06-30 14:00:04 - No active investments found.
2025-06-30 14:00:04 - Transaction committed successfully.
2025-06-30 14:00:04 - Script finished.
2025-07-01 14:00:04 - Script started.
2025-07-01 14:00:04 - No active investments found.
2025-07-01 14:00:04 - Transaction committed successfully.
2025-07-01 14:00:04 - Script finished.
2025-07-02 14:00:06 - Script started.
2025-07-02 14:00:06 - No active investments found.
2025-07-02 14:00:06 - Transaction committed successfully.
2025-07-02 14:00:06 - Script finished.
2025-07-03 14:00:04 - Script started.
2025-07-03 14:00:04 - No active investments found.
2025-07-03 14:00:04 - Transaction committed successfully.
2025-07-03 14:00:04 - Script finished.
2025-07-04 14:00:04 - Script started.
2025-07-04 14:00:04 - No active investments found.
2025-07-04 14:00:04 - Transaction committed successfully.
2025-07-04 14:00:04 - Script finished.
2025-07-05 14:00:04 - Script started.
2025-07-05 14:00:04 - No active investments found.
2025-07-05 14:00:04 - Transaction committed successfully.
2025-07-05 14:00:04 - Script finished.
2025-07-06 14:00:04 - Script started.
2025-07-06 14:00:04 - No active investments found.
2025-07-06 14:00:04 - Transaction committed successfully.
2025-07-06 14:00:04 - Script finished.
2025-07-07 14:00:03 - Script started.
2025-07-07 14:00:03 - No active investments found.
2025-07-07 14:00:03 - Transaction committed successfully.
2025-07-07 14:00:03 - Script finished.
2025-07-08 14:00:06 - Script started.
2025-07-08 14:00:06 - No active investments found.
2025-07-08 14:00:06 - Transaction committed successfully.
2025-07-08 14:00:06 - Script finished.
2025-07-09 14:00:04 - Script started.
2025-07-09 14:00:04 - No active investments found.
2025-07-09 14:00:04 - Transaction committed successfully.
2025-07-09 14:00:04 - Script finished.
2025-07-10 14:00:03 - Script started.
2025-07-10 14:00:03 - No active investments found.
2025-07-10 14:00:03 - Transaction committed successfully.
2025-07-10 14:00:03 - Script finished.
2025-07-11 14:00:04 - Script started.
2025-07-11 14:00:04 - No active investments found.
2025-07-11 14:00:04 - Transaction committed successfully.
2025-07-11 14:00:04 - Script finished.
2025-07-12 14:00:03 - Script started.
2025-07-12 14:00:03 - No active investments found.
2025-07-12 14:00:03 - Transaction committed successfully.
2025-07-12 14:00:03 - Script finished.
2025-07-13 14:00:05 - Script started.
2025-07-13 14:00:05 - No active investments found.
2025-07-13 14:00:05 - Transaction committed successfully.
2025-07-13 14:00:05 - Script finished.
2025-07-14 14:00:05 - Script started.
2025-07-14 14:00:05 - No active investments found.
2025-07-14 14:00:05 - Transaction committed successfully.
2025-07-14 14:00:05 - Script finished.
2025-07-15 14:00:04 - Script started.
2025-07-15 14:00:04 - No active investments found.
2025-07-15 14:00:04 - Transaction committed successfully.
2025-07-15 14:00:04 - Script finished.
2025-07-16 14:00:04 - Script started.
2025-07-16 14:00:04 - No active investments found.
2025-07-16 14:00:04 - Transaction committed successfully.
2025-07-16 14:00:04 - Script finished.
2025-07-17 14:00:04 - Script started.
2025-07-17 14:00:04 - No active investments found.
2025-07-17 14:00:04 - Transaction committed successfully.
2025-07-17 14:00:04 - Script finished.
2025-07-18 14:00:04 - Script started.
2025-07-18 14:00:04 - No active investments found.
2025-07-18 14:00:04 - Transaction committed successfully.
2025-07-18 14:00:04 - Script finished.
2025-07-19 14:00:03 - Script started.
2025-07-19 14:00:04 - No active investments found.
2025-07-19 14:00:04 - Transaction committed successfully.
2025-07-19 14:00:04 - Script finished.
2025-07-20 14:00:03 - Script started.
2025-07-20 14:00:03 - No active investments found.
2025-07-20 14:00:03 - Transaction committed successfully.
2025-07-20 14:00:03 - Script finished.
2025-07-21 14:00:03 - Script started.
2025-07-21 14:00:03 - No active investments found.
2025-07-21 14:00:03 - Transaction committed successfully.
2025-07-21 14:00:03 - Script finished.
2025-07-22 14:00:04 - Script started.
2025-07-22 14:00:04 - No active investments found.
2025-07-22 14:00:04 - Transaction committed successfully.
2025-07-22 14:00:04 - Script finished.
2025-07-23 14:00:03 - Script started.
2025-07-23 14:00:03 - No active investments found.
2025-07-23 14:00:03 - Transaction committed successfully.
2025-07-23 14:00:03 - Script finished.
2025-07-24 14:00:04 - Script started.
2025-07-24 14:00:04 - No active investments found.
2025-07-24 14:00:04 - Transaction committed successfully.
2025-07-24 14:00:04 - Script finished.
2025-07-25 14:00:04 - Script started.
2025-07-25 14:00:05 - No active investments found.
2025-07-25 14:00:05 - Transaction committed successfully.
2025-07-25 14:00:05 - Script finished.
2025-07-26 14:00:04 - Script started.
2025-07-26 14:00:04 - No active investments found.
2025-07-26 14:00:04 - Transaction committed successfully.
2025-07-26 14:00:04 - Script finished.
2025-07-27 14:00:04 - Script started.
2025-07-27 14:00:05 - No active investments found.
2025-07-27 14:00:05 - Transaction committed successfully.
2025-07-27 14:00:05 - Script finished.
2025-07-28 14:00:03 - Script started.
2025-07-28 14:00:03 - No active investments found.
2025-07-28 14:00:03 - Transaction committed successfully.
2025-07-28 14:00:03 - Script finished.
2025-07-29 14:00:04 - Script started.
2025-07-29 14:00:04 - No active investments found.
2025-07-29 14:00:04 - Transaction committed successfully.
2025-07-29 14:00:04 - Script finished.
2025-07-30 14:00:04 - Script started.
2025-07-30 14:00:04 - No active investments found.
2025-07-30 14:00:04 - Transaction committed successfully.
2025-07-30 14:00:04 - Script finished.
2025-07-31 14:00:03 - Script started.
2025-07-31 14:00:04 - No active investments found.
2025-07-31 14:00:04 - Transaction committed successfully.
2025-07-31 14:00:04 - Script finished.
2025-08-01 14:00:04 - Script started.
2025-08-01 14:00:04 - No active investments found.
2025-08-01 14:00:04 - Transaction committed successfully.
2025-08-01 14:00:04 - Script finished.
2025-08-02 14:00:02 - Script started.
2025-08-02 14:00:02 - No active investments found.
2025-08-02 14:00:02 - Transaction committed successfully.
2025-08-02 14:00:02 - Script finished.
2025-08-03 14:00:03 - Script started.
2025-08-03 14:00:03 - No active investments found.
2025-08-03 14:00:03 - Transaction committed successfully.
2025-08-03 14:00:03 - Script finished.
2025-08-04 14:00:04 - Script started.
2025-08-04 14:00:04 - No active investments found.
2025-08-04 14:00:04 - Transaction committed successfully.
2025-08-04 14:00:04 - Script finished.
2025-08-05 14:00:04 - Script started.
2025-08-05 14:00:04 - No active investments found.
2025-08-05 14:00:04 - Transaction committed successfully.
2025-08-05 14:00:04 - Script finished.
2025-08-06 14:00:08 - Script started.
2025-08-06 14:00:08 - No active investments found.
2025-08-06 14:00:08 - Transaction committed successfully.
2025-08-06 14:00:08 - Script finished.
2025-08-07 14:00:03 - Script started.
2025-08-07 14:00:03 - No active investments found.
2025-08-07 14:00:03 - Transaction committed successfully.
2025-08-07 14:00:03 - Script finished.
2025-08-08 14:00:04 - Script started.
2025-08-08 14:00:04 - No active investments found.
2025-08-08 14:00:04 - Transaction committed successfully.
2025-08-08 14:00:04 - Script finished.
2025-08-09 14:00:02 - Script started.
2025-08-09 14:00:02 - No active investments found.
2025-08-09 14:00:02 - Transaction committed successfully.
2025-08-09 14:00:02 - Script finished.
2025-08-10 14:00:03 - Script started.
2025-08-10 14:00:03 - No active investments found.
2025-08-10 14:00:03 - Transaction committed successfully.
2025-08-10 14:00:03 - Script finished.
2025-08-11 14:00:04 - Script started.
2025-08-11 14:00:04 - No active investments found.
2025-08-11 14:00:04 - Transaction committed successfully.
2025-08-11 14:00:04 - Script finished.
2025-08-12 14:00:04 - Script started.
2025-08-12 14:00:04 - No active investments found.
2025-08-12 14:00:04 - Transaction committed successfully.
2025-08-12 14:00:04 - Script finished.
